<?xml version="1.0" encoding="UTF-8"?>
<!-- Generated by org.testng.reporters.JUnitReportReporter -->
<testsuite skipped="0" hostname="DESKTOP-2DH32IK" name="tests.Tests" tests="4" failures="0" timestamp="2020-08-30T18:03:23 COT" time="25.633" errors="0">
  <testcase name="sampleTest" time="0.007" classname="tests.Tests"/>
  <system-out/>
  <testcase name="testTwo" time="4.173" classname="tests.Tests"/>
  <system-out/>
  <testcase name="loginTest" time="17.651" classname="tests.Tests"/>
  <system-out/>
  <testcase name="testOne" time="3.802" classname="tests.Tests"/>
  <system-out/>
</testsuite> <!-- tests.Tests -->
