<?xml version="1.0" encoding="UTF-8"?>
<!-- Generated by org.testng.reporters.JUnitReportReporter -->
<testsuite skipped="0" hostname="DESKTOP-2DH32IK" name="tests.TestA" tests="4" failures="0" timestamp="2020-08-30T18:42:56 COT" time="18.196" errors="0">
  <testcase name="testTwo" time="3.674" classname="tests.TestA"/>
  <system-out/>
  <testcase name="testOne" time="6.405" classname="tests.TestA"/>
  <system-out/>
  <testcase name="loginTest" time="8.112" classname="tests.TestA"/>
  <system-out/>
  <testcase name="sampleTest" time="0.005" classname="tests.TestA"/>
  <system-out/>
</testsuite> <!-- tests.TestA -->
